<?xml version="1.0" encoding="UTF-8"?>
<TestRun id="a16874f7-925b-4112-9718-87f8fba50951" name="Omar@OMAR-PC 2012-07-02 18:20:27" runUser="Omar-PC\Omar" xmlns="http://microsoft.com/schemas/VisualStudio/TeamTest/2010">
  <TestSettings name="Local" id="e8b14e4a-3ec1-4273-9fab-e1255ea8e658">
    <Description>These are default test settings for a local test run.</Description>
    <Deployment userDeploymentRoot="C:\Users\Omar\Downloads\KruskalAlgorithm\TestResults" useDefaultDeploymentRoot="false" enabled="false" runDeploymentRoot="Omar_OMAR-PC 2012-07-02 18_20_27">
      <DeploymentItem filename="C:\Users\Omar\Downloads\KruskalAlgorithm\Kruskal\bin\Debug\Kruskal.dll" />
    </Deployment>
    <Execution>
      <TestTypeSpecific />
      <AgentRule name="Execution Agents">
      </AgentRule>
    </Execution>
  </TestSettings>
  <Times creation="2012-07-02T18:20:27.2818853+02:00" queuing="2012-07-02T18:20:29.1739935+02:00" start="2012-07-02T18:20:29.5210134+02:00" finish="2012-07-02T18:23:14.3174392+02:00" />
  <ResultSummary outcome="Failed">
    <Counters total="1" executed="1" error="0" failed="1" timeout="0" aborted="0" inconclusive="0" passedButRunAborted="0" notRunnable="0" notExecuted="0" disconnected="0" warning="0" passed="0" completed="0" inProgress="0" pending="0" />
  </ResultSummary>
  <TestDefinitions>
    <UnitTest name="SolveTest" storage="c:\users\omar\downloads\kruskalalgorithm\unittests\bin\debug\unittests.dll" id="cbe29bfd-dc07-6cdc-730f-2d4d4d6932b7">
      <Execution id="6fa96fba-af16-4f57-9b7e-6d8e8e5a72ea" />
      <TestMethod codeBase="C:/Users/Omar/Downloads/KruskalAlgorithm/UnitTests/bin/Debug/UnitTests.DLL" adapterTypeName="Microsoft.VisualStudio.TestTools.TestTypes.Unit.UnitTestAdapter, Microsoft.VisualStudio.QualityTools.Tips.UnitTest.Adapter, Version=10.0.0.0, Culture=neutral, PublicKeyToken=b03f5f7f11d50a3a" className="UnitTests.KruskalTest, UnitTests, Version=1.0.0.0, Culture=neutral, PublicKeyToken=null" name="SolveTest" />
    </UnitTest>
  </TestDefinitions>
  <TestLists>
    <TestList name="Results Not in a List" id="8c84fa94-04c1-424b-9868-57a2d4851a1d" />
    <TestList name="All Loaded Results" id="19431567-8539-422a-85d7-44ee4e166bda" />
  </TestLists>
  <TestEntries>
    <TestEntry testId="cbe29bfd-dc07-6cdc-730f-2d4d4d6932b7" executionId="6fa96fba-af16-4f57-9b7e-6d8e8e5a72ea" testListId="8c84fa94-04c1-424b-9868-57a2d4851a1d" />
  </TestEntries>
  <Results>
    <UnitTestResult executionId="6fa96fba-af16-4f57-9b7e-6d8e8e5a72ea" testId="cbe29bfd-dc07-6cdc-730f-2d4d4d6932b7" testName="SolveTest" computerName="OMAR-PC" duration="00:02:42.8926509" startTime="2012-07-02T18:20:29.8080298+02:00" endTime="2012-07-02T18:23:14.1194279+02:00" testType="13cdc9d9-ddb5-4fa4-a97d-d965ccfc6d4b" outcome="Failed" testListId="8c84fa94-04c1-424b-9868-57a2d4851a1d" relativeResultsDirectory="6fa96fba-af16-4f57-9b7e-6d8e8e5a72ea">
      <Output>
        <ErrorInfo>
          <Message>Assert.AreEqual failed. Expected:&lt;39&gt;. Actual:&lt;90&gt;. </Message>
          <StackTrace>   at UnitTests.KruskalTest.SolveTest() in C:\Users\Omar\Downloads\KruskalAlgorithm\UnitTests\AlgorithmTest\KruskalTest.cs:line 38
</StackTrace>
        </ErrorInfo>
      </Output>
    </UnitTestResult>
  </Results>
</TestRun>