<?xml version="1.0" encoding="UTF-8"?>
<TestRun id="c4466c8a-e7ef-4443-84e1-28b4925712b0" name="Omar@OMAR-PC 2012-07-03 16:16:46" runUser="Omar-PC\Omar" xmlns="http://microsoft.com/schemas/VisualStudio/TeamTest/2010">
  <TestSettings name="Local" id="e8b14e4a-3ec1-4273-9fab-e1255ea8e658">
    <Description>These are default test settings for a local test run.</Description>
    <Deployment userDeploymentRoot="C:\Users\Omar\Downloads\KruskalAlgorithm\TestResults" useDefaultDeploymentRoot="false" enabled="false" runDeploymentRoot="Omar_OMAR-PC 2012-07-03 16_16_46">
      <DeploymentItem filename="C:\Users\Omar\Downloads\KruskalAlgorithm\Kruskal\bin\Debug\Kruskal.dll" />
    </Deployment>
    <Execution>
      <TestTypeSpecific />
      <AgentRule name="Execution Agents">
      </AgentRule>
    </Execution>
  </TestSettings>
  <Times creation="2012-07-03T16:16:46.0916538+02:00" queuing="2012-07-03T16:16:46.1076547+02:00" start="2012-07-03T16:16:46.1296560+02:00" finish="2012-07-03T16:16:46.5676810+02:00" />
  <ResultSummary outcome="Failed">
    <Counters total="2" executed="2" passed="1" error="0" failed="1" timeout="0" aborted="0" inconclusive="0" passedButRunAborted="0" notRunnable="0" notExecuted="0" disconnected="0" warning="0" completed="0" inProgress="0" pending="0" />
  </ResultSummary>
  <TestDefinitions>
    <UnitTest name="JoinTest" storage="c:\users\omar\downloads\kruskalalgorithm\unittests\bin\debug\unittests.dll" id="20afa623-e4cd-64dd-57d9-3e5b66bfb31e">
      <Execution id="22890c0e-a806-4104-a05c-2161096344a6" />
      <TestMethod codeBase="C:/Users/Omar/Downloads/KruskalAlgorithm/UnitTests/bin/Debug/UnitTests.DLL" adapterTypeName="Microsoft.VisualStudio.TestTools.TestTypes.Unit.UnitTestAdapter, Microsoft.VisualStudio.QualityTools.Tips.UnitTest.Adapter, Version=10.0.0.0, Culture=neutral, PublicKeyToken=b03f5f7f11d50a3a" className="UnitTests.VertexTest, UnitTests, Version=1.0.0.0, Culture=neutral, PublicKeyToken=null" name="JoinTest" />
    </UnitTest>
    <UnitTest name="SolveTest" storage="c:\users\omar\downloads\kruskalalgorithm\unittests\bin\debug\unittests.dll" id="cbe29bfd-dc07-6cdc-730f-2d4d4d6932b7">
      <Execution id="42f3bae2-44a6-4314-9b91-fddcf77eb62c" />
      <TestMethod codeBase="C:/Users/Omar/Downloads/KruskalAlgorithm/UnitTests/bin/Debug/UnitTests.DLL" adapterTypeName="Microsoft.VisualStudio.TestTools.TestTypes.Unit.UnitTestAdapter, Microsoft.VisualStudio.QualityTools.Tips.UnitTest.Adapter, Version=10.0.0.0, Culture=neutral, PublicKeyToken=b03f5f7f11d50a3a" className="UnitTests.KruskalTest, UnitTests, Version=1.0.0.0, Culture=neutral, PublicKeyToken=null" name="SolveTest" />
    </UnitTest>
  </TestDefinitions>
  <TestLists>
    <TestList name="Results Not in a List" id="8c84fa94-04c1-424b-9868-57a2d4851a1d" />
    <TestList name="All Loaded Results" id="19431567-8539-422a-85d7-44ee4e166bda" />
  </TestLists>
  <TestEntries>
    <TestEntry testId="cbe29bfd-dc07-6cdc-730f-2d4d4d6932b7" executionId="42f3bae2-44a6-4314-9b91-fddcf77eb62c" testListId="8c84fa94-04c1-424b-9868-57a2d4851a1d" />
    <TestEntry testId="20afa623-e4cd-64dd-57d9-3e5b66bfb31e" executionId="22890c0e-a806-4104-a05c-2161096344a6" testListId="8c84fa94-04c1-424b-9868-57a2d4851a1d" />
  </TestEntries>
  <Results>
    <UnitTestResult executionId="42f3bae2-44a6-4314-9b91-fddcf77eb62c" testId="cbe29bfd-dc07-6cdc-730f-2d4d4d6932b7" testName="SolveTest" computerName="OMAR-PC" duration="00:00:00.0553892" startTime="2012-07-03T16:16:46.1346563+02:00" endTime="2012-07-03T16:16:46.5296788+02:00" testType="13cdc9d9-ddb5-4fa4-a97d-d965ccfc6d4b" outcome="Failed" testListId="8c84fa94-04c1-424b-9868-57a2d4851a1d" relativeResultsDirectory="42f3bae2-44a6-4314-9b91-fddcf77eb62c">
      <Output>
        <ErrorInfo>
          <Message>Assert.AreEqual failed. Expected:&lt;39&gt;. Actual:&lt;90&gt;. </Message>
          <StackTrace>   at UnitTests.KruskalTest.SolveTest() in C:\Users\Omar\Downloads\KruskalAlgorithm\UnitTests\AlgorithmTest\KruskalTest.cs:line 38
</StackTrace>
        </ErrorInfo>
      </Output>
    </UnitTestResult>
    <UnitTestResult executionId="22890c0e-a806-4104-a05c-2161096344a6" testId="20afa623-e4cd-64dd-57d9-3e5b66bfb31e" testName="JoinTest" computerName="OMAR-PC" duration="00:00:00.0009054" startTime="2012-07-03T16:16:46.5356792+02:00" endTime="2012-07-03T16:16:46.5426796+02:00" testType="13cdc9d9-ddb5-4fa4-a97d-d965ccfc6d4b" outcome="Passed" testListId="8c84fa94-04c1-424b-9868-57a2d4851a1d" relativeResultsDirectory="22890c0e-a806-4104-a05c-2161096344a6">
    </UnitTestResult>
  </Results>
</TestRun>