<?xml version="1.0" encoding="UTF-8"?>
<TestRun id="c503d237-0053-43e7-b0f7-e166fa2cb87f" name="Omar@OMAR-PC 2012-07-02 18:20:20" runUser="Omar-PC\Omar" xmlns="http://microsoft.com/schemas/VisualStudio/TeamTest/2010">
  <TestSettings name="Local" id="e8b14e4a-3ec1-4273-9fab-e1255ea8e658">
    <Description>These are default test settings for a local test run.</Description>
    <Deployment enabled="false" runDeploymentRoot="Omar_OMAR-PC 2012-07-02 18_20_20">
      <DeploymentItem filename="C:\Users\Omar\Downloads\KruskalAlgorithm\Kruskal\bin\Debug\Kruskal.dll" />
    </Deployment>
    <Execution>
      <TestTypeSpecific />
      <AgentRule name="Execution Agents">
      </AgentRule>
    </Execution>
  </TestSettings>
  <Times creation="2012-07-02T18:20:20.7655126+02:00" queuing="2012-07-02T18:20:20.7995145+02:00" start="2012-07-02T18:20:20.8295162+02:00" finish="2012-07-02T18:20:21.2185385+02:00" />
  <ResultSummary outcome="Failed">
    <Counters total="6" executed="6" passed="5" error="0" failed="1" timeout="0" aborted="0" inconclusive="0" passedButRunAborted="0" notRunnable="0" notExecuted="0" disconnected="0" warning="0" completed="0" inProgress="0" pending="0" />
  </ResultSummary>
  <TestDefinitions>
    <UnitTest name="QuickSortTest" storage="c:\users\omar\downloads\kruskalalgorithm\unittests\bin\debug\unittests.dll" id="bbb236b5-352b-71a3-4fd1-2f589762cea1">
      <Execution id="27236915-e1cf-47e3-8631-e183d0f71fec" />
      <TestMethod codeBase="C:/Users/Omar/Downloads/KruskalAlgorithm/UnitTests/bin/Debug/UnitTests.DLL" adapterTypeName="Microsoft.VisualStudio.TestTools.TestTypes.Unit.UnitTestAdapter, Microsoft.VisualStudio.QualityTools.Tips.UnitTest.Adapter, Version=10.0.0.0, Culture=neutral, PublicKeyToken=b03f5f7f11d50a3a" className="UnitTests.KruskalTest, UnitTests, Version=1.0.0.0, Culture=neutral, PublicKeyToken=null" name="QuickSortTest" />
    </UnitTest>
    <UnitTest name="VertexConstructorTest" storage="c:\users\omar\downloads\kruskalalgorithm\unittests\bin\debug\unittests.dll" id="e32a97e2-bc53-e3e5-0d2d-e94f0d5c9e79">
      <Execution id="a2fd3760-eeb7-4e98-9d3e-c43babbab06d" />
      <TestMethod codeBase="C:/Users/Omar/Downloads/KruskalAlgorithm/UnitTests/bin/Debug/UnitTests.DLL" adapterTypeName="Microsoft.VisualStudio.TestTools.TestTypes.Unit.UnitTestAdapter, Microsoft.VisualStudio.QualityTools.Tips.UnitTest.Adapter, Version=10.0.0.0, Culture=neutral, PublicKeyToken=b03f5f7f11d50a3a" className="UnitTests.VertexTest, UnitTests, Version=1.0.0.0, Culture=neutral, PublicKeyToken=null" name="VertexConstructorTest" />
    </UnitTest>
    <UnitTest name="JoinTest" storage="c:\users\omar\downloads\kruskalalgorithm\unittests\bin\debug\unittests.dll" id="20afa623-e4cd-64dd-57d9-3e5b66bfb31e">
      <Execution id="10d24f26-8aea-4c36-94a7-ae1e40a5fa18" />
      <TestMethod codeBase="C:/Users/Omar/Downloads/KruskalAlgorithm/UnitTests/bin/Debug/UnitTests.DLL" adapterTypeName="Microsoft.VisualStudio.TestTools.TestTypes.Unit.UnitTestAdapter, Microsoft.VisualStudio.QualityTools.Tips.UnitTest.Adapter, Version=10.0.0.0, Culture=neutral, PublicKeyToken=b03f5f7f11d50a3a" className="UnitTests.VertexTest, UnitTests, Version=1.0.0.0, Culture=neutral, PublicKeyToken=null" name="JoinTest" />
    </UnitTest>
    <UnitTest name="GetRootTest" storage="c:\users\omar\downloads\kruskalalgorithm\unittests\bin\debug\unittests.dll" id="9a2a4324-7bde-9902-e1d1-b8ac4486169a">
      <Execution id="e84e3f6a-8b3d-4591-86bb-a8bda36c9faf" />
      <TestMethod codeBase="C:/Users/Omar/Downloads/KruskalAlgorithm/UnitTests/bin/Debug/UnitTests.DLL" adapterTypeName="Microsoft.VisualStudio.TestTools.TestTypes.Unit.UnitTestAdapter, Microsoft.VisualStudio.QualityTools.Tips.UnitTest.Adapter, Version=10.0.0.0, Culture=neutral, PublicKeyToken=b03f5f7f11d50a3a" className="UnitTests.VertexTest, UnitTests, Version=1.0.0.0, Culture=neutral, PublicKeyToken=null" name="GetRootTest" />
    </UnitTest>
    <UnitTest name="EdgeConstructorTest" storage="c:\users\omar\downloads\kruskalalgorithm\unittests\bin\debug\unittests.dll" id="76951416-b9ab-b723-fa03-cff84c86d7b9">
      <Execution id="c24b1745-1248-4af8-8424-6f0bf18849cf" />
      <TestMethod codeBase="C:/Users/Omar/Downloads/KruskalAlgorithm/UnitTests/bin/Debug/UnitTests.DLL" adapterTypeName="Microsoft.VisualStudio.TestTools.TestTypes.Unit.UnitTestAdapter, Microsoft.VisualStudio.QualityTools.Tips.UnitTest.Adapter, Version=10.0.0.0, Culture=neutral, PublicKeyToken=b03f5f7f11d50a3a" className="UnitTests.EdgeTest, UnitTests, Version=1.0.0.0, Culture=neutral, PublicKeyToken=null" name="EdgeConstructorTest" />
    </UnitTest>
    <UnitTest name="SolveTest" storage="c:\users\omar\downloads\kruskalalgorithm\unittests\bin\debug\unittests.dll" id="cbe29bfd-dc07-6cdc-730f-2d4d4d6932b7">
      <Execution id="9eda8a50-1f38-4733-b12c-e366fcd270fe" />
      <TestMethod codeBase="C:/Users/Omar/Downloads/KruskalAlgorithm/UnitTests/bin/Debug/UnitTests.DLL" adapterTypeName="Microsoft.VisualStudio.TestTools.TestTypes.Unit.UnitTestAdapter, Microsoft.VisualStudio.QualityTools.Tips.UnitTest.Adapter, Version=10.0.0.0, Culture=neutral, PublicKeyToken=b03f5f7f11d50a3a" className="UnitTests.KruskalTest, UnitTests, Version=1.0.0.0, Culture=neutral, PublicKeyToken=null" name="SolveTest" />
    </UnitTest>
  </TestDefinitions>
  <TestLists>
    <TestList name="Results Not in a List" id="8c84fa94-04c1-424b-9868-57a2d4851a1d" />
    <TestList name="All Loaded Results" id="19431567-8539-422a-85d7-44ee4e166bda" />
  </TestLists>
  <TestEntries>
    <TestEntry testId="20afa623-e4cd-64dd-57d9-3e5b66bfb31e" executionId="10d24f26-8aea-4c36-94a7-ae1e40a5fa18" testListId="8c84fa94-04c1-424b-9868-57a2d4851a1d" />
    <TestEntry testId="76951416-b9ab-b723-fa03-cff84c86d7b9" executionId="c24b1745-1248-4af8-8424-6f0bf18849cf" testListId="8c84fa94-04c1-424b-9868-57a2d4851a1d" />
    <TestEntry testId="9a2a4324-7bde-9902-e1d1-b8ac4486169a" executionId="e84e3f6a-8b3d-4591-86bb-a8bda36c9faf" testListId="8c84fa94-04c1-424b-9868-57a2d4851a1d" />
    <TestEntry testId="bbb236b5-352b-71a3-4fd1-2f589762cea1" executionId="27236915-e1cf-47e3-8631-e183d0f71fec" testListId="8c84fa94-04c1-424b-9868-57a2d4851a1d" />
    <TestEntry testId="cbe29bfd-dc07-6cdc-730f-2d4d4d6932b7" executionId="9eda8a50-1f38-4733-b12c-e366fcd270fe" testListId="8c84fa94-04c1-424b-9868-57a2d4851a1d" />
    <TestEntry testId="e32a97e2-bc53-e3e5-0d2d-e94f0d5c9e79" executionId="a2fd3760-eeb7-4e98-9d3e-c43babbab06d" testListId="8c84fa94-04c1-424b-9868-57a2d4851a1d" />
  </TestEntries>
  <Results>
    <UnitTestResult executionId="10d24f26-8aea-4c36-94a7-ae1e40a5fa18" testId="20afa623-e4cd-64dd-57d9-3e5b66bfb31e" testName="JoinTest" computerName="OMAR-PC" duration="00:00:00.0165966" startTime="2012-07-02T18:20:20.8455172+02:00" endTime="2012-07-02T18:20:21.0795305+02:00" testType="13cdc9d9-ddb5-4fa4-a97d-d965ccfc6d4b" outcome="Passed" testListId="8c84fa94-04c1-424b-9868-57a2d4851a1d" relativeResultsDirectory="10d24f26-8aea-4c36-94a7-ae1e40a5fa18">
    </UnitTestResult>
    <UnitTestResult executionId="c24b1745-1248-4af8-8424-6f0bf18849cf" testId="76951416-b9ab-b723-fa03-cff84c86d7b9" testName="EdgeConstructorTest" computerName="OMAR-PC" duration="00:00:00.0016514" startTime="2012-07-02T18:20:21.0815307+02:00" endTime="2012-07-02T18:20:21.0965315+02:00" testType="13cdc9d9-ddb5-4fa4-a97d-d965ccfc6d4b" outcome="Passed" testListId="8c84fa94-04c1-424b-9868-57a2d4851a1d" relativeResultsDirectory="c24b1745-1248-4af8-8424-6f0bf18849cf">
    </UnitTestResult>
    <UnitTestResult executionId="e84e3f6a-8b3d-4591-86bb-a8bda36c9faf" testId="9a2a4324-7bde-9902-e1d1-b8ac4486169a" testName="GetRootTest" computerName="OMAR-PC" duration="00:00:00.0007629" startTime="2012-07-02T18:20:21.1015318+02:00" endTime="2012-07-02T18:20:21.1095323+02:00" testType="13cdc9d9-ddb5-4fa4-a97d-d965ccfc6d4b" outcome="Passed" testListId="8c84fa94-04c1-424b-9868-57a2d4851a1d" relativeResultsDirectory="e84e3f6a-8b3d-4591-86bb-a8bda36c9faf">
    </UnitTestResult>
    <UnitTestResult executionId="27236915-e1cf-47e3-8631-e183d0f71fec" testId="bbb236b5-352b-71a3-4fd1-2f589762cea1" testName="QuickSortTest" computerName="OMAR-PC" duration="00:00:00.0079647" startTime="2012-07-02T18:20:21.1115324+02:00" endTime="2012-07-02T18:20:21.1285333+02:00" testType="13cdc9d9-ddb5-4fa4-a97d-d965ccfc6d4b" outcome="Passed" testListId="8c84fa94-04c1-424b-9868-57a2d4851a1d" relativeResultsDirectory="27236915-e1cf-47e3-8631-e183d0f71fec">
    </UnitTestResult>
    <UnitTestResult executionId="9eda8a50-1f38-4733-b12c-e366fcd270fe" testId="cbe29bfd-dc07-6cdc-730f-2d4d4d6932b7" testName="SolveTest" computerName="OMAR-PC" duration="00:00:00.0312280" startTime="2012-07-02T18:20:21.1305335+02:00" endTime="2012-07-02T18:20:21.1755360+02:00" testType="13cdc9d9-ddb5-4fa4-a97d-d965ccfc6d4b" outcome="Failed" testListId="8c84fa94-04c1-424b-9868-57a2d4851a1d" relativeResultsDirectory="9eda8a50-1f38-4733-b12c-e366fcd270fe">
      <Output>
        <ErrorInfo>
          <Message>Assert.AreEqual failed. Expected:&lt;39&gt;. Actual:&lt;90&gt;. </Message>
          <StackTrace>   at UnitTests.KruskalTest.SolveTest() in C:\Users\Omar\Downloads\KruskalAlgorithm\UnitTests\AlgorithmTest\KruskalTest.cs:line 38
</StackTrace>
        </ErrorInfo>
      </Output>
    </UnitTestResult>
    <UnitTestResult executionId="a2fd3760-eeb7-4e98-9d3e-c43babbab06d" testId="e32a97e2-bc53-e3e5-0d2d-e94f0d5c9e79" testName="VertexConstructorTest" computerName="OMAR-PC" duration="00:00:00.0006036" startTime="2012-07-02T18:20:21.1785362+02:00" endTime="2012-07-02T18:20:21.1905369+02:00" testType="13cdc9d9-ddb5-4fa4-a97d-d965ccfc6d4b" outcome="Passed" testListId="8c84fa94-04c1-424b-9868-57a2d4851a1d" relativeResultsDirectory="a2fd3760-eeb7-4e98-9d3e-c43babbab06d">
    </UnitTestResult>
  </Results>
</TestRun>